<?xml version="1.0" encoding="UTF-8"?>
<!-- Generated by org.testng.reporters.JUnitReportReporter -->
<testsuite hostname="LTIN169141" failures="0" tests="2" name="testCases.TC_001_BookShelves" time="45.596" errors="0" timestamp="2024-03-22T16:19:22 IST" skipped="0">
  <testcase classname="testCases.TC_001_BookShelves" name="bookShelvesCount" time="21.288"/>
  <testcase classname="testCases.TC_001_BookShelves" name="bookShelvesCount" time="24.308"/>
</testsuite> <!-- testCases.TC_001_BookShelves -->
