<?xml version="1.0" encoding="UTF-8"?>
<!-- Generated by org.testng.reporters.JUnitReportReporter -->
<testsuite hostname="LTIN169141" failures="0" tests="14" name="testCases.TC_002_GiftCard" time="132.439" errors="0" timestamp="2024-03-22T16:19:22 IST" skipped="0">
  <testcase classname="testCases.TC_002_GiftCard" name="test2" time="5.011"/>
  <testcase classname="testCases.TC_002_GiftCard" name="test2" time="5.799"/>
  <testcase classname="testCases.TC_002_GiftCard" name="test2" time="6.535"/>
  <testcase classname="testCases.TC_002_GiftCard" name="test2" time="5.380"/>
  <testcase classname="testCases.TC_002_GiftCard" name="GiftCardPageData" time="10.056"/>
  <testcase classname="testCases.TC_002_GiftCard" name="test2" time="15.467"/>
  <testcase classname="testCases.TC_002_GiftCard" name="test2" time="5.220"/>
  <testcase classname="testCases.TC_002_GiftCard" name="test2" time="5.533"/>
  <testcase classname="testCases.TC_002_GiftCard" name="test2" time="5.336"/>
  <testcase classname="testCases.TC_002_GiftCard" name="test2" time="4.990"/>
  <testcase classname="testCases.TC_002_GiftCard" name="test2" time="15.293"/>
  <testcase classname="testCases.TC_002_GiftCard" name="test2" time="10.089"/>
  <testcase classname="testCases.TC_002_GiftCard" name="GiftCardPageData" time="31.761"/>
  <testcase classname="testCases.TC_002_GiftCard" name="test2" time="5.969"/>
</testsuite> <!-- testCases.TC_002_GiftCard -->
